Copyright 1986-2022 Xilinx, Inc. All Rights Reserved. Copyright 2022-2024 Advanced Micro Devices, Inc. All Rights Reserved.
-----------------------------------------------------------------------------------------------------------------------------------------------------------------------------------------------------------
| Tool Version : Vivado v.2024.1 (lin64) Build 5076996 Wed May 22 18:36:09 MDT 2024
| Date         : Sun Jan 19 15:33:29 2025
| Host         : archlinux running 64-bit unknown
| Command      : report_methodology -file ads8681_block_1_wrapper_methodology_drc_routed.rpt -pb ads8681_block_1_wrapper_methodology_drc_routed.pb -rpx ads8681_block_1_wrapper_methodology_drc_routed.rpx
| Design       : ads8681_block_1_wrapper
| Device       : xc7a100tcsg324-1
| Speed File   : -1
| Design State : Fully Routed
-----------------------------------------------------------------------------------------------------------------------------------------------------------------------------------------------------------

Report Methodology

Table of Contents
-----------------
1. REPORT SUMMARY
2. REPORT DETAILS

1. REPORT SUMMARY
-----------------
            Netlist: netlist
          Floorplan: design_1
      Design limits: <entire design considered>
             Max violations: <unlimited>
             Violations found: 13
+-----------+----------+-------------------------------+------------+
| Rule      | Severity | Description                   | Violations |
+-----------+----------+-------------------------------+------------+
| LUTAR-1   | Warning  | LUT drives async reset alert  | 1          |
| TIMING-9  | Warning  | Unknown CDC Logic             | 1          |
| TIMING-18 | Warning  | Missing input or output delay | 11         |
+-----------+----------+-------------------------------+------------+

2. REPORT DETAILS
-----------------
LUTAR-1#1 Warning
LUT drives async reset alert  
LUT cell ads8681_block_1_i/mdm_1/U0/MDM_Core_I1/JTAG_CONTROL_I/sel_n_i_2, with 2 or more inputs, drives asynchronous preset/clear pin(s) ads8681_block_1_i/mdm_1/U0/MDM_Core_I1/JTAG_CONTROL_I/sel_n_reg/PRE. The LUT may glitch and trigger an unexpected reset, even if it is a properly timed path.
Related violations: <none>

TIMING-9#1 Warning
Unknown CDC Logic  
One or more asynchronous Clock Domain Crossing has been detected between 2 clock domains through a set_false_path or a set_clock_groups or set_max_delay -datapath_only constraint but no double-registers logic synchronizer has been found on the side of the capture clock. It is recommended to run report_cdc for a complete and detailed CDC coverage. Please consider using XPM_CDC to avoid Critical severities
Related violations: <none>

TIMING-18#1 Warning
Missing input or output delay  
An input delay is missing on reset_n relative to the rising and/or falling clock edge(s) of clk_100MHz.
Related violations: <none>

TIMING-18#2 Warning
Missing input or output delay  
An input delay is missing on rx relative to the rising and/or falling clock edge(s) of clk_100MHz.
Related violations: <none>

TIMING-18#3 Warning
Missing input or output delay  
An input delay is missing on spi0_miso relative to the rising and/or falling clock edge(s) of clk_100MHz.
Related violations: <none>

TIMING-18#4 Warning
Missing input or output delay  
An output delay is missing on gpio_rtl_0_tri_o[0] relative to the rising and/or falling clock edge(s) of clk_100MHz.
Related violations: <none>

TIMING-18#5 Warning
Missing input or output delay  
An output delay is missing on gpio_rtl_0_tri_o[1] relative to the rising and/or falling clock edge(s) of clk_100MHz.
Related violations: <none>

TIMING-18#6 Warning
Missing input or output delay  
An output delay is missing on gpio_rtl_0_tri_o[2] relative to the rising and/or falling clock edge(s) of clk_100MHz.
Related violations: <none>

TIMING-18#7 Warning
Missing input or output delay  
An output delay is missing on gpio_rtl_0_tri_o[3] relative to the rising and/or falling clock edge(s) of clk_100MHz.
Related violations: <none>

TIMING-18#8 Warning
Missing input or output delay  
An output delay is missing on spi0_cs_n[0] relative to the rising and/or falling clock edge(s) of clk_100MHz.
Related violations: <none>

TIMING-18#9 Warning
Missing input or output delay  
An output delay is missing on spi0_mosi relative to the rising and/or falling clock edge(s) of clk_100MHz.
Related violations: <none>

TIMING-18#10 Warning
Missing input or output delay  
An output delay is missing on spi0_sck relative to the rising and/or falling clock edge(s) of clk_100MHz.
Related violations: <none>

TIMING-18#11 Warning
Missing input or output delay  
An output delay is missing on tx relative to the rising and/or falling clock edge(s) of clk_100MHz.
Related violations: <none>


