
*** Running vivado
    with args -log ads8681_block_1_wrapper.vds -m64 -product Vivado -mode batch -messageDb vivado.pb -notrace -source ads8681_block_1_wrapper.tcl


****** Vivado v2024.1 (64-bit)
  **** SW Build 5076996 on Wed May 22 18:36:09 MDT 2024
  **** IP Build 5075265 on Wed May 22 21:45:21 MDT 2024
  **** SharedData Build 5076995 on Wed May 22 18:29:18 MDT 2024
  **** Start of session at: Sun Jan 19 15:29:29 2025
    ** Copyright 1986-2022 Xilinx, Inc. All Rights Reserved.
    ** Copyright 2022-2024 Advanced Micro Devices, Inc. All Rights Reserved.

source ads8681_block_1_wrapper.tcl -notrace
create_project: Time (s): cpu = 00:00:12 ; elapsed = 00:00:12 . Memory (MB): peak = 1439.855 ; gain = 84.836 ; free physical = 6902 ; free virtual = 43951
INFO: [IP_Flow 19-234] Refreshing IP repositories
INFO: [IP_Flow 19-1704] No user IP repositories specified
INFO: [IP_Flow 19-2313] Loaded Vivado IP repository '/opt/Xilinx/Vivado/2024.1/data/ip'.
Command: read_checkpoint -auto_incremental -incremental /home/grzegorz/git/ADS8681_Test/Software/FPGA/ARTY_A7/vivado/ADS8681/ADS8681.srcs/utils_1/imports/synth_1/ads8681_block_1_wrapper.dcp
INFO: [Vivado 12-5825] Read reference checkpoint from /home/grzegorz/git/ADS8681_Test/Software/FPGA/ARTY_A7/vivado/ADS8681/ADS8681.srcs/utils_1/imports/synth_1/ads8681_block_1_wrapper.dcp for incremental synthesis
INFO: [Vivado 12-7989] Please ensure there are no constraint changes
Command: synth_design -top ads8681_block_1_wrapper -part xc7a100tcsg324-1
Starting synth_design
Attempting to get a license for feature 'Synthesis' and/or device 'xc7a100t'
INFO: [Common 17-349] Got license for feature 'Synthesis' and/or device 'xc7a100t'
INFO: [Device 21-403] Loading part xc7a100tcsg324-1
INFO: [Device 21-9227] Part: xc7a100tcsg324-1 does not have CEAM library.
INFO: [Designutils 20-5440] No compile time benefit to using incremental synthesis; A full resynthesis will be run
INFO: [Designutils 20-4379] Flow is switching to default flow due to incremental criteria not met. If you would like to alter this behaviour and have the flow terminate instead, please set the following parameter config_implementation {autoIncr.Synth.RejectBehavior Terminate}
INFO: [Synth 8-7079] Multithreading enabled for synth_design using a maximum of 4 processes.
INFO: [Synth 8-7078] Launching helper process for spawning children vivado processes
INFO: [Synth 8-7075] Helper process launched with PID 15211
---------------------------------------------------------------------------------
Starting RTL Elaboration : Time (s): cpu = 00:00:07 ; elapsed = 00:00:08 . Memory (MB): peak = 2252.180 ; gain = 420.684 ; free physical = 5815 ; free virtual = 42793
---------------------------------------------------------------------------------
INFO: [Synth 8-638] synthesizing module 'ads8681_block_1_wrapper' [/home/grzegorz/git/ADS8681_Test/Software/FPGA/ARTY_A7/vivado/ADS8681/ADS8681.gen/sources_1/bd/ads8681_block_1/hdl/ads8681_block_1_wrapper.vhd:29]
INFO: [Synth 8-3491] module 'ads8681_block_1' declared at '/home/grzegorz/git/ADS8681_Test/Software/FPGA/ARTY_A7/vivado/ADS8681/ADS8681.gen/sources_1/bd/ads8681_block_1/synth/ads8681_block_1.vhd:1813' bound to instance 'ads8681_block_1_i' of component 'ads8681_block_1' [/home/grzegorz/git/ADS8681_Test/Software/FPGA/ARTY_A7/vivado/ADS8681/ADS8681.gen/sources_1/bd/ads8681_block_1/hdl/ads8681_block_1_wrapper.vhd:44]
INFO: [Synth 8-638] synthesizing module 'ads8681_block_1' [/home/grzegorz/git/ADS8681_Test/Software/FPGA/ARTY_A7/vivado/ADS8681/ADS8681.gen/sources_1/bd/ads8681_block_1/synth/ads8681_block_1.vhd:1831]
INFO: [Synth 8-3491] module 'ads8681_block_1_axi_gpio_0_0' declared at '/home/grzegorz/git/ADS8681_Test/Software/FPGA/ARTY_A7/vivado/ADS8681/ADS8681.runs/synth_1/.Xil/Vivado-15166-archlinux/realtime/ads8681_block_1_axi_gpio_0_0_stub.vhdl:6' bound to instance 'axi_gpio_0' of component 'ads8681_block_1_axi_gpio_0_0' [/home/grzegorz/git/ADS8681_Test/Software/FPGA/ARTY_A7/vivado/ADS8681/ADS8681.gen/sources_1/bd/ads8681_block_1/synth/ads8681_block_1.vhd:2211]
INFO: [Synth 8-638] synthesizing module 'ads8681_block_1_axi_gpio_0_0' [/home/grzegorz/git/ADS8681_Test/Software/FPGA/ARTY_A7/vivado/ADS8681/ADS8681.runs/synth_1/.Xil/Vivado-15166-archlinux/realtime/ads8681_block_1_axi_gpio_0_0_stub.vhdl:32]
INFO: [Synth 8-3491] module 'ads8681_block_1_axi_quad_spi_0_0' declared at '/home/grzegorz/git/ADS8681_Test/Software/FPGA/ARTY_A7/vivado/ADS8681/ADS8681.runs/synth_1/.Xil/Vivado-15166-archlinux/realtime/ads8681_block_1_axi_quad_spi_0_0_stub.vhdl:6' bound to instance 'axi_quad_spi_0' of component 'ads8681_block_1_axi_quad_spi_0_0' [/home/grzegorz/git/ADS8681_Test/Software/FPGA/ARTY_A7/vivado/ADS8681/ADS8681.gen/sources_1/bd/ads8681_block_1/synth/ads8681_block_1.vhd:2234]
INFO: [Synth 8-638] synthesizing module 'ads8681_block_1_axi_quad_spi_0_0' [/home/grzegorz/git/ADS8681_Test/Software/FPGA/ARTY_A7/vivado/ADS8681/ADS8681.runs/synth_1/.Xil/Vivado-15166-archlinux/realtime/ads8681_block_1_axi_quad_spi_0_0_stub.vhdl:45]
INFO: [Synth 8-3491] module 'ads8681_block_1_axi_uartlite_0_0' declared at '/home/grzegorz/git/ADS8681_Test/Software/FPGA/ARTY_A7/vivado/ADS8681/ADS8681.runs/synth_1/.Xil/Vivado-15166-archlinux/realtime/ads8681_block_1_axi_uartlite_0_0_stub.vhdl:6' bound to instance 'axi_uartlite_0' of component 'ads8681_block_1_axi_uartlite_0_0' [/home/grzegorz/git/ADS8681_Test/Software/FPGA/ARTY_A7/vivado/ADS8681/ADS8681.gen/sources_1/bd/ads8681_block_1/synth/ads8681_block_1.vhd:2270]
INFO: [Synth 8-638] synthesizing module 'ads8681_block_1_axi_uartlite_0_0' [/home/grzegorz/git/ADS8681_Test/Software/FPGA/ARTY_A7/vivado/ADS8681/ADS8681.runs/synth_1/.Xil/Vivado-15166-archlinux/realtime/ads8681_block_1_axi_uartlite_0_0_stub.vhdl:34]
INFO: [Synth 8-3491] module 'ads8681_block_1_clk_wiz_1_0' declared at '/home/grzegorz/git/ADS8681_Test/Software/FPGA/ARTY_A7/vivado/ADS8681/ADS8681.runs/synth_1/.Xil/Vivado-15166-archlinux/realtime/ads8681_block_1_clk_wiz_1_0_stub.vhdl:6' bound to instance 'clk_wiz_1' of component 'ads8681_block_1_clk_wiz_1_0' [/home/grzegorz/git/ADS8681_Test/Software/FPGA/ARTY_A7/vivado/ADS8681/ADS8681.gen/sources_1/bd/ads8681_block_1/synth/ads8681_block_1.vhd:2295]
INFO: [Synth 8-638] synthesizing module 'ads8681_block_1_clk_wiz_1_0' [/home/grzegorz/git/ADS8681_Test/Software/FPGA/ARTY_A7/vivado/ADS8681/ADS8681.runs/synth_1/.Xil/Vivado-15166-archlinux/realtime/ads8681_block_1_clk_wiz_1_0_stub.vhdl:16]
INFO: [Synth 8-3491] module 'ads8681_block_1_mdm_1_0' declared at '/home/grzegorz/git/ADS8681_Test/Software/FPGA/ARTY_A7/vivado/ADS8681/ADS8681.runs/synth_1/.Xil/Vivado-15166-archlinux/realtime/ads8681_block_1_mdm_1_0_stub.vhdl:6' bound to instance 'mdm_1' of component 'ads8681_block_1_mdm_1_0' [/home/grzegorz/git/ADS8681_Test/Software/FPGA/ARTY_A7/vivado/ADS8681/ADS8681.gen/sources_1/bd/ads8681_block_1/synth/ads8681_block_1.vhd:2302]
INFO: [Synth 8-638] synthesizing module 'ads8681_block_1_mdm_1_0' [/home/grzegorz/git/ADS8681_Test/Software/FPGA/ARTY_A7/vivado/ADS8681/ADS8681.runs/synth_1/.Xil/Vivado-15166-archlinux/realtime/ads8681_block_1_mdm_1_0_stub.vhdl:22]
INFO: [Synth 8-3491] module 'ads8681_block_1_microblaze_0_0' declared at '/home/grzegorz/git/ADS8681_Test/Software/FPGA/ARTY_A7/vivado/ADS8681/ADS8681.runs/synth_1/.Xil/Vivado-15166-archlinux/realtime/ads8681_block_1_microblaze_0_0_stub.vhdl:6' bound to instance 'microblaze_0' of component 'ads8681_block_1_microblaze_0_0' [/home/grzegorz/git/ADS8681_Test/Software/FPGA/ARTY_A7/vivado/ADS8681/ADS8681.gen/sources_1/bd/ads8681_block_1/synth/ads8681_block_1.vhd:2315]
INFO: [Synth 8-638] synthesizing module 'ads8681_block_1_microblaze_0_0' [/home/grzegorz/git/ADS8681_Test/Software/FPGA/ARTY_A7/vivado/ADS8681/ADS8681.runs/synth_1/.Xil/Vivado-15166-archlinux/realtime/ads8681_block_1_microblaze_0_0_stub.vhdl:64]
INFO: [Synth 8-3491] module 'ads8681_block_1_microblaze_0_axi_intc_0' declared at '/home/grzegorz/git/ADS8681_Test/Software/FPGA/ARTY_A7/vivado/ADS8681/ADS8681.runs/synth_1/.Xil/Vivado-15166-archlinux/realtime/ads8681_block_1_microblaze_0_axi_intc_0_stub.vhdl:6' bound to instance 'microblaze_0_axi_intc' of component 'ads8681_block_1_microblaze_0_axi_intc_0' [/home/grzegorz/git/ADS8681_Test/Software/FPGA/ARTY_A7/vivado/ADS8681/ADS8681.gen/sources_1/bd/ads8681_block_1/synth/ads8681_block_1.vhd:2401]
INFO: [Synth 8-638] synthesizing module 'ads8681_block_1_microblaze_0_axi_intc_0' [/home/grzegorz/git/ADS8681_Test/Software/FPGA/ARTY_A7/vivado/ADS8681/ADS8681.runs/synth_1/.Xil/Vivado-15166-archlinux/realtime/ads8681_block_1_microblaze_0_axi_intc_0_stub.vhdl:37]
INFO: [Synth 8-638] synthesizing module 'ads8681_block_1_microblaze_0_axi_periph_0' [/home/grzegorz/git/ADS8681_Test/Software/FPGA/ARTY_A7/vivado/ADS8681/ADS8681.gen/sources_1/bd/ads8681_block_1/synth/ads8681_block_1.vhd:1192]
INFO: [Synth 8-638] synthesizing module 'm00_couplers_imp_X034HB' [/home/grzegorz/git/ADS8681_Test/Software/FPGA/ARTY_A7/vivado/ADS8681/ADS8681.gen/sources_1/bd/ads8681_block_1/synth/ads8681_block_1.vhd:58]
INFO: [Synth 8-256] done synthesizing module 'm00_couplers_imp_X034HB' (0#1) [/home/grzegorz/git/ADS8681_Test/Software/FPGA/ARTY_A7/vivado/ADS8681/ADS8681.gen/sources_1/bd/ads8681_block_1/synth/ads8681_block_1.vhd:58]
INFO: [Synth 8-638] synthesizing module 'm01_couplers_imp_1MOETLT' [/home/grzegorz/git/ADS8681_Test/Software/FPGA/ARTY_A7/vivado/ADS8681/ADS8681.gen/sources_1/bd/ads8681_block_1/synth/ads8681_block_1.vhd:159]
INFO: [Synth 8-256] done synthesizing module 'm01_couplers_imp_1MOETLT' (0#1) [/home/grzegorz/git/ADS8681_Test/Software/FPGA/ARTY_A7/vivado/ADS8681/ADS8681.gen/sources_1/bd/ads8681_block_1/synth/ads8681_block_1.vhd:159]
INFO: [Synth 8-638] synthesizing module 'm02_couplers_imp_1RZBE42' [/home/grzegorz/git/ADS8681_Test/Software/FPGA/ARTY_A7/vivado/ADS8681/ADS8681.gen/sources_1/bd/ads8681_block_1/synth/ads8681_block_1.vhd:260]
INFO: [Synth 8-256] done synthesizing module 'm02_couplers_imp_1RZBE42' (0#1) [/home/grzegorz/git/ADS8681_Test/Software/FPGA/ARTY_A7/vivado/ADS8681/ADS8681.gen/sources_1/bd/ads8681_block_1/synth/ads8681_block_1.vhd:260]
INFO: [Synth 8-638] synthesizing module 'm03_couplers_imp_IMDF0C' [/home/grzegorz/git/ADS8681_Test/Software/FPGA/ARTY_A7/vivado/ADS8681/ADS8681.gen/sources_1/bd/ads8681_block_1/synth/ads8681_block_1.vhd:361]
INFO: [Synth 8-256] done synthesizing module 'm03_couplers_imp_IMDF0C' (0#1) [/home/grzegorz/git/ADS8681_Test/Software/FPGA/ARTY_A7/vivado/ADS8681/ADS8681.gen/sources_1/bd/ads8681_block_1/synth/ads8681_block_1.vhd:361]
INFO: [Synth 8-638] synthesizing module 's00_couplers_imp_NYPT2V' [/home/grzegorz/git/ADS8681_Test/Software/FPGA/ARTY_A7/vivado/ADS8681/ADS8681.gen/sources_1/bd/ads8681_block_1/synth/ads8681_block_1.vhd:1024]
INFO: [Synth 8-256] done synthesizing module 's00_couplers_imp_NYPT2V' (0#1) [/home/grzegorz/git/ADS8681_Test/Software/FPGA/ARTY_A7/vivado/ADS8681/ADS8681.gen/sources_1/bd/ads8681_block_1/synth/ads8681_block_1.vhd:1024]
INFO: [Synth 8-3491] module 'ads8681_block_1_xbar_0' declared at '/home/grzegorz/git/ADS8681_Test/Software/FPGA/ARTY_A7/vivado/ADS8681/ADS8681.runs/synth_1/.Xil/Vivado-15166-archlinux/realtime/ads8681_block_1_xbar_0_stub.vhdl:6' bound to instance 'xbar' of component 'ads8681_block_1_xbar_0' [/home/grzegorz/git/ADS8681_Test/Software/FPGA/ARTY_A7/vivado/ADS8681/ADS8681.gen/sources_1/bd/ads8681_block_1/synth/ads8681_block_1.vhd:1714]
INFO: [Synth 8-638] synthesizing module 'ads8681_block_1_xbar_0' [/home/grzegorz/git/ADS8681_Test/Software/FPGA/ARTY_A7/vivado/ADS8681/ADS8681.runs/synth_1/.Xil/Vivado-15166-archlinux/realtime/ads8681_block_1_xbar_0_stub.vhdl:52]
INFO: [Synth 8-256] done synthesizing module 'ads8681_block_1_microblaze_0_axi_periph_0' (0#1) [/home/grzegorz/git/ADS8681_Test/Software/FPGA/ARTY_A7/vivado/ADS8681/ADS8681.gen/sources_1/bd/ads8681_block_1/synth/ads8681_block_1.vhd:1192]
INFO: [Synth 8-638] synthesizing module 'microblaze_0_local_memory_imp_AT9BJO' [/home/grzegorz/git/ADS8681_Test/Software/FPGA/ARTY_A7/vivado/ADS8681/ADS8681.gen/sources_1/bd/ads8681_block_1/synth/ads8681_block_1.vhd:445]
INFO: [Synth 8-3491] module 'ads8681_block_1_dlmb_bram_if_cntlr_0' declared at '/home/grzegorz/git/ADS8681_Test/Software/FPGA/ARTY_A7/vivado/ADS8681/ADS8681.runs/synth_1/.Xil/Vivado-15166-archlinux/realtime/ads8681_block_1_dlmb_bram_if_cntlr_0_stub.vhdl:6' bound to instance 'dlmb_bram_if_cntlr' of component 'ads8681_block_1_dlmb_bram_if_cntlr_0' [/home/grzegorz/git/ADS8681_Test/Software/FPGA/ARTY_A7/vivado/ADS8681/ADS8681.gen/sources_1/bd/ads8681_block_1/synth/ads8681_block_1.vhd:659]
INFO: [Synth 8-638] synthesizing module 'ads8681_block_1_dlmb_bram_if_cntlr_0' [/home/grzegorz/git/ADS8681_Test/Software/FPGA/ARTY_A7/vivado/ADS8681/ADS8681.runs/synth_1/.Xil/Vivado-15166-archlinux/realtime/ads8681_block_1_dlmb_bram_if_cntlr_0_stub.vhdl:32]
INFO: [Synth 8-3491] module 'ads8681_block_1_dlmb_v10_0' declared at '/home/grzegorz/git/ADS8681_Test/Software/FPGA/ARTY_A7/vivado/ADS8681/ADS8681.runs/synth_1/.Xil/Vivado-15166-archlinux/realtime/ads8681_block_1_dlmb_v10_0_stub.vhdl:6' bound to instance 'dlmb_v10' of component 'ads8681_block_1_dlmb_v10_0' [/home/grzegorz/git/ADS8681_Test/Software/FPGA/ARTY_A7/vivado/ADS8681/ADS8681.gen/sources_1/bd/ads8681_block_1/synth/ads8681_block_1.vhd:713]
INFO: [Synth 8-638] synthesizing module 'ads8681_block_1_dlmb_v10_0' [/home/grzegorz/git/ADS8681_Test/Software/FPGA/ARTY_A7/vivado/ADS8681/ADS8681.runs/synth_1/.Xil/Vivado-15166-archlinux/realtime/ads8681_block_1_dlmb_v10_0_stub.vhdl:37]
INFO: [Synth 8-3491] module 'ads8681_block_1_ilmb_bram_if_cntlr_0' declared at '/home/grzegorz/git/ADS8681_Test/Software/FPGA/ARTY_A7/vivado/ADS8681/ADS8681.runs/synth_1/.Xil/Vivado-15166-archlinux/realtime/ads8681_block_1_ilmb_bram_if_cntlr_0_stub.vhdl:6' bound to instance 'ilmb_bram_if_cntlr' of component 'ads8681_block_1_ilmb_bram_if_cntlr_0' [/home/grzegorz/git/ADS8681_Test/Software/FPGA/ARTY_A7/vivado/ADS8681/ADS8681.gen/sources_1/bd/ads8681_block_1/synth/ads8681_block_1.vhd:741]
INFO: [Synth 8-638] synthesizing module 'ads8681_block_1_ilmb_bram_if_cntlr_0' [/home/grzegorz/git/ADS8681_Test/Software/FPGA/ARTY_A7/vivado/ADS8681/ADS8681.runs/synth_1/.Xil/Vivado-15166-archlinux/realtime/ads8681_block_1_ilmb_bram_if_cntlr_0_stub.vhdl:32]
INFO: [Synth 8-3491] module 'ads8681_block_1_ilmb_v10_0' declared at '/home/grzegorz/git/ADS8681_Test/Software/FPGA/ARTY_A7/vivado/ADS8681/ADS8681.runs/synth_1/.Xil/Vivado-15166-archlinux/realtime/ads8681_block_1_ilmb_v10_0_stub.vhdl:6' bound to instance 'ilmb_v10' of component 'ads8681_block_1_ilmb_v10_0' [/home/grzegorz/git/ADS8681_Test/Software/FPGA/ARTY_A7/vivado/ADS8681/ADS8681.gen/sources_1/bd/ads8681_block_1/synth/ads8681_block_1.vhd:795]
INFO: [Synth 8-638] synthesizing module 'ads8681_block_1_ilmb_v10_0' [/home/grzegorz/git/ADS8681_Test/Software/FPGA/ARTY_A7/vivado/ADS8681/ADS8681.runs/synth_1/.Xil/Vivado-15166-archlinux/realtime/ads8681_block_1_ilmb_v10_0_stub.vhdl:37]
INFO: [Synth 8-3491] module 'ads8681_block_1_lmb_bram_0' declared at '/home/grzegorz/git/ADS8681_Test/Software/FPGA/ARTY_A7/vivado/ADS8681/ADS8681.runs/synth_1/.Xil/Vivado-15166-archlinux/realtime/ads8681_block_1_lmb_bram_0_stub.vhdl:6' bound to instance 'lmb_bram' of component 'ads8681_block_1_lmb_bram_0' [/home/grzegorz/git/ADS8681_Test/Software/FPGA/ARTY_A7/vivado/ADS8681/ADS8681.gen/sources_1/bd/ads8681_block_1/synth/ads8681_block_1.vhd:823]
INFO: [Synth 8-638] synthesizing module 'ads8681_block_1_lmb_bram_0' [/home/grzegorz/git/ADS8681_Test/Software/FPGA/ARTY_A7/vivado/ADS8681/ADS8681.runs/synth_1/.Xil/Vivado-15166-archlinux/realtime/ads8681_block_1_lmb_bram_0_stub.vhdl:28]
INFO: [Synth 8-256] done synthesizing module 'microblaze_0_local_memory_imp_AT9BJO' (0#1) [/home/grzegorz/git/ADS8681_Test/Software/FPGA/ARTY_A7/vivado/ADS8681/ADS8681.gen/sources_1/bd/ads8681_block_1/synth/ads8681_block_1.vhd:445]
INFO: [Synth 8-3491] module 'ads8681_block_1_microblaze_0_xlconcat_0' declared at '/home/grzegorz/git/ADS8681_Test/Software/FPGA/ARTY_A7/vivado/ADS8681/ADS8681.gen/sources_1/bd/ads8681_block_1/ip/ads8681_block_1_microblaze_0_xlconcat_0/synth/ads8681_block_1_microblaze_0_xlconcat_0.v:53' bound to instance 'microblaze_0_xlconcat' of component 'ads8681_block_1_microblaze_0_xlconcat_0' [/home/grzegorz/git/ADS8681_Test/Software/FPGA/ARTY_A7/vivado/ADS8681/ADS8681.gen/sources_1/bd/ads8681_block_1/synth/ads8681_block_1.vhd:2556]
INFO: [Synth 8-6157] synthesizing module 'ads8681_block_1_microblaze_0_xlconcat_0' [/home/grzegorz/git/ADS8681_Test/Software/FPGA/ARTY_A7/vivado/ADS8681/ADS8681.gen/sources_1/bd/ads8681_block_1/ip/ads8681_block_1_microblaze_0_xlconcat_0/synth/ads8681_block_1_microblaze_0_xlconcat_0.v:53]
INFO: [Synth 8-6157] synthesizing module 'xlconcat_v2_1_6_xlconcat' [/home/grzegorz/git/ADS8681_Test/Software/FPGA/ARTY_A7/vivado/ADS8681/ADS8681.gen/sources_1/bd/ads8681_block_1/ipshared/6120/hdl/xlconcat_v2_1_vl_rfs.v:59]
INFO: [Synth 8-6155] done synthesizing module 'xlconcat_v2_1_6_xlconcat' (0#1) [/home/grzegorz/git/ADS8681_Test/Software/FPGA/ARTY_A7/vivado/ADS8681/ADS8681.gen/sources_1/bd/ads8681_block_1/ipshared/6120/hdl/xlconcat_v2_1_vl_rfs.v:59]
INFO: [Synth 8-6155] done synthesizing module 'ads8681_block_1_microblaze_0_xlconcat_0' (0#1) [/home/grzegorz/git/ADS8681_Test/Software/FPGA/ARTY_A7/vivado/ADS8681/ADS8681.gen/sources_1/bd/ads8681_block_1/ip/ads8681_block_1_microblaze_0_xlconcat_0/synth/ads8681_block_1_microblaze_0_xlconcat_0.v:53]
INFO: [Synth 8-3491] module 'ads8681_block_1_rst_clk_wiz_1_100M_0' declared at '/home/grzegorz/git/ADS8681_Test/Software/FPGA/ARTY_A7/vivado/ADS8681/ADS8681.runs/synth_1/.Xil/Vivado-15166-archlinux/realtime/ads8681_block_1_rst_clk_wiz_1_100M_0_stub.vhdl:6' bound to instance 'rst_clk_wiz_1_100M' of component 'ads8681_block_1_rst_clk_wiz_1_100M_0' [/home/grzegorz/git/ADS8681_Test/Software/FPGA/ARTY_A7/vivado/ADS8681/ADS8681.gen/sources_1/bd/ads8681_block_1/synth/ads8681_block_1.vhd:2562]
INFO: [Synth 8-638] synthesizing module 'ads8681_block_1_rst_clk_wiz_1_100M_0' [/home/grzegorz/git/ADS8681_Test/Software/FPGA/ARTY_A7/vivado/ADS8681/ADS8681.runs/synth_1/.Xil/Vivado-15166-archlinux/realtime/ads8681_block_1_rst_clk_wiz_1_100M_0_stub.vhdl:22]
INFO: [Synth 8-256] done synthesizing module 'ads8681_block_1' (0#1) [/home/grzegorz/git/ADS8681_Test/Software/FPGA/ARTY_A7/vivado/ADS8681/ADS8681.gen/sources_1/bd/ads8681_block_1/synth/ads8681_block_1.vhd:1831]
INFO: [Synth 8-256] done synthesizing module 'ads8681_block_1_wrapper' (0#1) [/home/grzegorz/git/ADS8681_Test/Software/FPGA/ARTY_A7/vivado/ADS8681/ADS8681.gen/sources_1/bd/ads8681_block_1/hdl/ads8681_block_1_wrapper.vhd:29]
WARNING: [Synth 8-7129] Port In2[0] in module xlconcat_v2_1_6_xlconcat is either unconnected or has no load
WARNING: [Synth 8-7129] Port In3[0] in module xlconcat_v2_1_6_xlconcat is either unconnected or has no load
WARNING: [Synth 8-7129] Port In4[0] in module xlconcat_v2_1_6_xlconcat is either unconnected or has no load
WARNING: [Synth 8-7129] Port In5[0] in module xlconcat_v2_1_6_xlconcat is either unconnected or has no load
WARNING: [Synth 8-7129] Port In6[0] in module xlconcat_v2_1_6_xlconcat is either unconnected or has no load
WARNING: [Synth 8-7129] Port In7[0] in module xlconcat_v2_1_6_xlconcat is either unconnected or has no load
WARNING: [Synth 8-7129] Port In8[0] in module xlconcat_v2_1_6_xlconcat is either unconnected or has no load
WARNING: [Synth 8-7129] Port In9[0] in module xlconcat_v2_1_6_xlconcat is either unconnected or has no load
WARNING: [Synth 8-7129] Port In10[0] in module xlconcat_v2_1_6_xlconcat is either unconnected or has no load
WARNING: [Synth 8-7129] Port In11[0] in module xlconcat_v2_1_6_xlconcat is either unconnected or has no load
WARNING: [Synth 8-7129] Port In12[0] in module xlconcat_v2_1_6_xlconcat is either unconnected or has no load
WARNING: [Synth 8-7129] Port In13[0] in module xlconcat_v2_1_6_xlconcat is either unconnected or has no load
WARNING: [Synth 8-7129] Port In14[0] in module xlconcat_v2_1_6_xlconcat is either unconnected or has no load
WARNING: [Synth 8-7129] Port In15[0] in module xlconcat_v2_1_6_xlconcat is either unconnected or has no load
WARNING: [Synth 8-7129] Port In16[0] in module xlconcat_v2_1_6_xlconcat is either unconnected or has no load
WARNING: [Synth 8-7129] Port In17[0] in module xlconcat_v2_1_6_xlconcat is either unconnected or has no load
WARNING: [Synth 8-7129] Port In18[0] in module xlconcat_v2_1_6_xlconcat is either unconnected or has no load
WARNING: [Synth 8-7129] Port In19[0] in module xlconcat_v2_1_6_xlconcat is either unconnected or has no load
WARNING: [Synth 8-7129] Port In20[0] in module xlconcat_v2_1_6_xlconcat is either unconnected or has no load
WARNING: [Synth 8-7129] Port In21[0] in module xlconcat_v2_1_6_xlconcat is either unconnected or has no load
WARNING: [Synth 8-7129] Port In22[0] in module xlconcat_v2_1_6_xlconcat is either unconnected or has no load
WARNING: [Synth 8-7129] Port In23[0] in module xlconcat_v2_1_6_xlconcat is either unconnected or has no load
WARNING: [Synth 8-7129] Port In24[0] in module xlconcat_v2_1_6_xlconcat is either unconnected or has no load
WARNING: [Synth 8-7129] Port In25[0] in module xlconcat_v2_1_6_xlconcat is either unconnected or has no load
WARNING: [Synth 8-7129] Port In26[0] in module xlconcat_v2_1_6_xlconcat is either unconnected or has no load
WARNING: [Synth 8-7129] Port In27[0] in module xlconcat_v2_1_6_xlconcat is either unconnected or has no load
WARNING: [Synth 8-7129] Port In28[0] in module xlconcat_v2_1_6_xlconcat is either unconnected or has no load
WARNING: [Synth 8-7129] Port In29[0] in module xlconcat_v2_1_6_xlconcat is either unconnected or has no load
WARNING: [Synth 8-7129] Port In30[0] in module xlconcat_v2_1_6_xlconcat is either unconnected or has no load
WARNING: [Synth 8-7129] Port In31[0] in module xlconcat_v2_1_6_xlconcat is either unconnected or has no load
WARNING: [Synth 8-7129] Port In32[0] in module xlconcat_v2_1_6_xlconcat is either unconnected or has no load
WARNING: [Synth 8-7129] Port In33[0] in module xlconcat_v2_1_6_xlconcat is either unconnected or has no load
WARNING: [Synth 8-7129] Port In34[0] in module xlconcat_v2_1_6_xlconcat is either unconnected or has no load
WARNING: [Synth 8-7129] Port In35[0] in module xlconcat_v2_1_6_xlconcat is either unconnected or has no load
WARNING: [Synth 8-7129] Port In36[0] in module xlconcat_v2_1_6_xlconcat is either unconnected or has no load
WARNING: [Synth 8-7129] Port In37[0] in module xlconcat_v2_1_6_xlconcat is either unconnected or has no load
WARNING: [Synth 8-7129] Port In38[0] in module xlconcat_v2_1_6_xlconcat is either unconnected or has no load
WARNING: [Synth 8-7129] Port In39[0] in module xlconcat_v2_1_6_xlconcat is either unconnected or has no load
WARNING: [Synth 8-7129] Port In40[0] in module xlconcat_v2_1_6_xlconcat is either unconnected or has no load
WARNING: [Synth 8-7129] Port In41[0] in module xlconcat_v2_1_6_xlconcat is either unconnected or has no load
WARNING: [Synth 8-7129] Port In42[0] in module xlconcat_v2_1_6_xlconcat is either unconnected or has no load
WARNING: [Synth 8-7129] Port In43[0] in module xlconcat_v2_1_6_xlconcat is either unconnected or has no load
WARNING: [Synth 8-7129] Port In44[0] in module xlconcat_v2_1_6_xlconcat is either unconnected or has no load
WARNING: [Synth 8-7129] Port In45[0] in module xlconcat_v2_1_6_xlconcat is either unconnected or has no load
WARNING: [Synth 8-7129] Port In46[0] in module xlconcat_v2_1_6_xlconcat is either unconnected or has no load
WARNING: [Synth 8-7129] Port In47[0] in module xlconcat_v2_1_6_xlconcat is either unconnected or has no load
WARNING: [Synth 8-7129] Port In48[0] in module xlconcat_v2_1_6_xlconcat is either unconnected or has no load
WARNING: [Synth 8-7129] Port In49[0] in module xlconcat_v2_1_6_xlconcat is either unconnected or has no load
WARNING: [Synth 8-7129] Port In50[0] in module xlconcat_v2_1_6_xlconcat is either unconnected or has no load
WARNING: [Synth 8-7129] Port In51[0] in module xlconcat_v2_1_6_xlconcat is either unconnected or has no load
WARNING: [Synth 8-7129] Port In52[0] in module xlconcat_v2_1_6_xlconcat is either unconnected or has no load
WARNING: [Synth 8-7129] Port In53[0] in module xlconcat_v2_1_6_xlconcat is either unconnected or has no load
WARNING: [Synth 8-7129] Port In54[0] in module xlconcat_v2_1_6_xlconcat is either unconnected or has no load
WARNING: [Synth 8-7129] Port In55[0] in module xlconcat_v2_1_6_xlconcat is either unconnected or has no load
WARNING: [Synth 8-7129] Port In56[0] in module xlconcat_v2_1_6_xlconcat is either unconnected or has no load
WARNING: [Synth 8-7129] Port In57[0] in module xlconcat_v2_1_6_xlconcat is either unconnected or has no load
WARNING: [Synth 8-7129] Port In58[0] in module xlconcat_v2_1_6_xlconcat is either unconnected or has no load
WARNING: [Synth 8-7129] Port In59[0] in module xlconcat_v2_1_6_xlconcat is either unconnected or has no load
WARNING: [Synth 8-7129] Port In60[0] in module xlconcat_v2_1_6_xlconcat is either unconnected or has no load
WARNING: [Synth 8-7129] Port In61[0] in module xlconcat_v2_1_6_xlconcat is either unconnected or has no load
WARNING: [Synth 8-7129] Port In62[0] in module xlconcat_v2_1_6_xlconcat is either unconnected or has no load
WARNING: [Synth 8-7129] Port In63[0] in module xlconcat_v2_1_6_xlconcat is either unconnected or has no load
WARNING: [Synth 8-7129] Port In64[0] in module xlconcat_v2_1_6_xlconcat is either unconnected or has no load
WARNING: [Synth 8-7129] Port In65[0] in module xlconcat_v2_1_6_xlconcat is either unconnected or has no load
WARNING: [Synth 8-7129] Port In66[0] in module xlconcat_v2_1_6_xlconcat is either unconnected or has no load
WARNING: [Synth 8-7129] Port In67[0] in module xlconcat_v2_1_6_xlconcat is either unconnected or has no load
WARNING: [Synth 8-7129] Port In68[0] in module xlconcat_v2_1_6_xlconcat is either unconnected or has no load
WARNING: [Synth 8-7129] Port In69[0] in module xlconcat_v2_1_6_xlconcat is either unconnected or has no load
WARNING: [Synth 8-7129] Port In70[0] in module xlconcat_v2_1_6_xlconcat is either unconnected or has no load
WARNING: [Synth 8-7129] Port In71[0] in module xlconcat_v2_1_6_xlconcat is either unconnected or has no load
WARNING: [Synth 8-7129] Port In72[0] in module xlconcat_v2_1_6_xlconcat is either unconnected or has no load
WARNING: [Synth 8-7129] Port In73[0] in module xlconcat_v2_1_6_xlconcat is either unconnected or has no load
WARNING: [Synth 8-7129] Port In74[0] in module xlconcat_v2_1_6_xlconcat is either unconnected or has no load
WARNING: [Synth 8-7129] Port In75[0] in module xlconcat_v2_1_6_xlconcat is either unconnected or has no load
WARNING: [Synth 8-7129] Port In76[0] in module xlconcat_v2_1_6_xlconcat is either unconnected or has no load
WARNING: [Synth 8-7129] Port In77[0] in module xlconcat_v2_1_6_xlconcat is either unconnected or has no load
WARNING: [Synth 8-7129] Port In78[0] in module xlconcat_v2_1_6_xlconcat is either unconnected or has no load
WARNING: [Synth 8-7129] Port In79[0] in module xlconcat_v2_1_6_xlconcat is either unconnected or has no load
WARNING: [Synth 8-7129] Port In80[0] in module xlconcat_v2_1_6_xlconcat is either unconnected or has no load
WARNING: [Synth 8-7129] Port In81[0] in module xlconcat_v2_1_6_xlconcat is either unconnected or has no load
WARNING: [Synth 8-7129] Port In82[0] in module xlconcat_v2_1_6_xlconcat is either unconnected or has no load
WARNING: [Synth 8-7129] Port In83[0] in module xlconcat_v2_1_6_xlconcat is either unconnected or has no load
WARNING: [Synth 8-7129] Port In84[0] in module xlconcat_v2_1_6_xlconcat is either unconnected or has no load
WARNING: [Synth 8-7129] Port In85[0] in module xlconcat_v2_1_6_xlconcat is either unconnected or has no load
WARNING: [Synth 8-7129] Port In86[0] in module xlconcat_v2_1_6_xlconcat is either unconnected or has no load
WARNING: [Synth 8-7129] Port In87[0] in module xlconcat_v2_1_6_xlconcat is either unconnected or has no load
WARNING: [Synth 8-7129] Port In88[0] in module xlconcat_v2_1_6_xlconcat is either unconnected or has no load
WARNING: [Synth 8-7129] Port In89[0] in module xlconcat_v2_1_6_xlconcat is either unconnected or has no load
WARNING: [Synth 8-7129] Port In90[0] in module xlconcat_v2_1_6_xlconcat is either unconnected or has no load
WARNING: [Synth 8-7129] Port In91[0] in module xlconcat_v2_1_6_xlconcat is either unconnected or has no load
WARNING: [Synth 8-7129] Port In92[0] in module xlconcat_v2_1_6_xlconcat is either unconnected or has no load
WARNING: [Synth 8-7129] Port In93[0] in module xlconcat_v2_1_6_xlconcat is either unconnected or has no load
WARNING: [Synth 8-7129] Port In94[0] in module xlconcat_v2_1_6_xlconcat is either unconnected or has no load
WARNING: [Synth 8-7129] Port In95[0] in module xlconcat_v2_1_6_xlconcat is either unconnected or has no load
WARNING: [Synth 8-7129] Port In96[0] in module xlconcat_v2_1_6_xlconcat is either unconnected or has no load
WARNING: [Synth 8-7129] Port In97[0] in module xlconcat_v2_1_6_xlconcat is either unconnected or has no load
WARNING: [Synth 8-7129] Port In98[0] in module xlconcat_v2_1_6_xlconcat is either unconnected or has no load
WARNING: [Synth 8-7129] Port In99[0] in module xlconcat_v2_1_6_xlconcat is either unconnected or has no load
WARNING: [Synth 8-7129] Port In100[0] in module xlconcat_v2_1_6_xlconcat is either unconnected or has no load
WARNING: [Synth 8-7129] Port In101[0] in module xlconcat_v2_1_6_xlconcat is either unconnected or has no load
INFO: [Common 17-14] Message 'Synth 8-7129' appears 100 times and further instances of the messages will be disabled. Use the Tcl command set_msg_config to change the current settings.
---------------------------------------------------------------------------------
Finished RTL Elaboration : Time (s): cpu = 00:00:10 ; elapsed = 00:00:11 . Memory (MB): peak = 2340.148 ; gain = 508.652 ; free physical = 5730 ; free virtual = 42717
---------------------------------------------------------------------------------
---------------------------------------------------------------------------------
Start Handling Custom Attributes
---------------------------------------------------------------------------------
---------------------------------------------------------------------------------
Finished Handling Custom Attributes : Time (s): cpu = 00:00:11 ; elapsed = 00:00:11 . Memory (MB): peak = 2346.086 ; gain = 514.590 ; free physical = 5726 ; free virtual = 42713
---------------------------------------------------------------------------------
---------------------------------------------------------------------------------
Finished RTL Optimization Phase 1 : Time (s): cpu = 00:00:11 ; elapsed = 00:00:11 . Memory (MB): peak = 2346.086 ; gain = 514.590 ; free physical = 5726 ; free virtual = 42713
---------------------------------------------------------------------------------
Netlist sorting complete. Time (s): cpu = 00:00:00.02 ; elapsed = 00:00:00.02 . Memory (MB): peak = 2346.086 ; gain = 0.000 ; free physical = 5726 ; free virtual = 42713
INFO: [Project 1-570] Preparing netlist for logic optimization

Processing XDC Constraints
Initializing timing engine
Parsing XDC File [/home/grzegorz/git/ADS8681_Test/Software/FPGA/ARTY_A7/vivado/ADS8681/ADS8681.gen/sources_1/bd/ads8681_block_1/ip/ads8681_block_1_microblaze_0_0/ads8681_block_1_microblaze_0_0/ads8681_block_1_microblaze_0_0_in_context.xdc] for cell 'ads8681_block_1_i/microblaze_0'
Finished Parsing XDC File [/home/grzegorz/git/ADS8681_Test/Software/FPGA/ARTY_A7/vivado/ADS8681/ADS8681.gen/sources_1/bd/ads8681_block_1/ip/ads8681_block_1_microblaze_0_0/ads8681_block_1_microblaze_0_0/ads8681_block_1_microblaze_0_0_in_context.xdc] for cell 'ads8681_block_1_i/microblaze_0'
Parsing XDC File [/home/grzegorz/git/ADS8681_Test/Software/FPGA/ARTY_A7/vivado/ADS8681/ADS8681.gen/sources_1/bd/ads8681_block_1/ip/ads8681_block_1_dlmb_v10_0/ads8681_block_1_dlmb_v10_0/ads8681_block_1_ilmb_v10_0_in_context.xdc] for cell 'ads8681_block_1_i/microblaze_0_local_memory/dlmb_v10'
Finished Parsing XDC File [/home/grzegorz/git/ADS8681_Test/Software/FPGA/ARTY_A7/vivado/ADS8681/ADS8681.gen/sources_1/bd/ads8681_block_1/ip/ads8681_block_1_dlmb_v10_0/ads8681_block_1_dlmb_v10_0/ads8681_block_1_ilmb_v10_0_in_context.xdc] for cell 'ads8681_block_1_i/microblaze_0_local_memory/dlmb_v10'
Parsing XDC File [/home/grzegorz/git/ADS8681_Test/Software/FPGA/ARTY_A7/vivado/ADS8681/ADS8681.gen/sources_1/bd/ads8681_block_1/ip/ads8681_block_1_ilmb_v10_0/ads8681_block_1_ilmb_v10_0/ads8681_block_1_ilmb_v10_0_in_context.xdc] for cell 'ads8681_block_1_i/microblaze_0_local_memory/ilmb_v10'
Finished Parsing XDC File [/home/grzegorz/git/ADS8681_Test/Software/FPGA/ARTY_A7/vivado/ADS8681/ADS8681.gen/sources_1/bd/ads8681_block_1/ip/ads8681_block_1_ilmb_v10_0/ads8681_block_1_ilmb_v10_0/ads8681_block_1_ilmb_v10_0_in_context.xdc] for cell 'ads8681_block_1_i/microblaze_0_local_memory/ilmb_v10'
Parsing XDC File [/home/grzegorz/git/ADS8681_Test/Software/FPGA/ARTY_A7/vivado/ADS8681/ADS8681.gen/sources_1/bd/ads8681_block_1/ip/ads8681_block_1_dlmb_bram_if_cntlr_0/ads8681_block_1_dlmb_bram_if_cntlr_0/ads8681_block_1_dlmb_bram_if_cntlr_0_in_context.xdc] for cell 'ads8681_block_1_i/microblaze_0_local_memory/dlmb_bram_if_cntlr'
Finished Parsing XDC File [/home/grzegorz/git/ADS8681_Test/Software/FPGA/ARTY_A7/vivado/ADS8681/ADS8681.gen/sources_1/bd/ads8681_block_1/ip/ads8681_block_1_dlmb_bram_if_cntlr_0/ads8681_block_1_dlmb_bram_if_cntlr_0/ads8681_block_1_dlmb_bram_if_cntlr_0_in_context.xdc] for cell 'ads8681_block_1_i/microblaze_0_local_memory/dlmb_bram_if_cntlr'
Parsing XDC File [/home/grzegorz/git/ADS8681_Test/Software/FPGA/ARTY_A7/vivado/ADS8681/ADS8681.gen/sources_1/bd/ads8681_block_1/ip/ads8681_block_1_ilmb_bram_if_cntlr_0/ads8681_block_1_ilmb_bram_if_cntlr_0/ads8681_block_1_ilmb_bram_if_cntlr_0_in_context.xdc] for cell 'ads8681_block_1_i/microblaze_0_local_memory/ilmb_bram_if_cntlr'
Finished Parsing XDC File [/home/grzegorz/git/ADS8681_Test/Software/FPGA/ARTY_A7/vivado/ADS8681/ADS8681.gen/sources_1/bd/ads8681_block_1/ip/ads8681_block_1_ilmb_bram_if_cntlr_0/ads8681_block_1_ilmb_bram_if_cntlr_0/ads8681_block_1_ilmb_bram_if_cntlr_0_in_context.xdc] for cell 'ads8681_block_1_i/microblaze_0_local_memory/ilmb_bram_if_cntlr'
Parsing XDC File [/home/grzegorz/git/ADS8681_Test/Software/FPGA/ARTY_A7/vivado/ADS8681/ADS8681.gen/sources_1/bd/ads8681_block_1/ip/ads8681_block_1_lmb_bram_0/ads8681_block_1_lmb_bram_0/ads8681_block_1_lmb_bram_0_in_context.xdc] for cell 'ads8681_block_1_i/microblaze_0_local_memory/lmb_bram'
Finished Parsing XDC File [/home/grzegorz/git/ADS8681_Test/Software/FPGA/ARTY_A7/vivado/ADS8681/ADS8681.gen/sources_1/bd/ads8681_block_1/ip/ads8681_block_1_lmb_bram_0/ads8681_block_1_lmb_bram_0/ads8681_block_1_lmb_bram_0_in_context.xdc] for cell 'ads8681_block_1_i/microblaze_0_local_memory/lmb_bram'
Parsing XDC File [/home/grzegorz/git/ADS8681_Test/Software/FPGA/ARTY_A7/vivado/ADS8681/ADS8681.gen/sources_1/bd/ads8681_block_1/ip/ads8681_block_1_xbar_0/ads8681_block_1_xbar_0/ads8681_block_1_xbar_0_in_context.xdc] for cell 'ads8681_block_1_i/microblaze_0_axi_periph/xbar'
Finished Parsing XDC File [/home/grzegorz/git/ADS8681_Test/Software/FPGA/ARTY_A7/vivado/ADS8681/ADS8681.gen/sources_1/bd/ads8681_block_1/ip/ads8681_block_1_xbar_0/ads8681_block_1_xbar_0/ads8681_block_1_xbar_0_in_context.xdc] for cell 'ads8681_block_1_i/microblaze_0_axi_periph/xbar'
Parsing XDC File [/home/grzegorz/git/ADS8681_Test/Software/FPGA/ARTY_A7/vivado/ADS8681/ADS8681.gen/sources_1/bd/ads8681_block_1/ip/ads8681_block_1_microblaze_0_axi_intc_0/ads8681_block_1_microblaze_0_axi_intc_0/ads8681_block_1_microblaze_0_axi_intc_0_in_context.xdc] for cell 'ads8681_block_1_i/microblaze_0_axi_intc'
Finished Parsing XDC File [/home/grzegorz/git/ADS8681_Test/Software/FPGA/ARTY_A7/vivado/ADS8681/ADS8681.gen/sources_1/bd/ads8681_block_1/ip/ads8681_block_1_microblaze_0_axi_intc_0/ads8681_block_1_microblaze_0_axi_intc_0/ads8681_block_1_microblaze_0_axi_intc_0_in_context.xdc] for cell 'ads8681_block_1_i/microblaze_0_axi_intc'
Parsing XDC File [/home/grzegorz/git/ADS8681_Test/Software/FPGA/ARTY_A7/vivado/ADS8681/ADS8681.gen/sources_1/bd/ads8681_block_1/ip/ads8681_block_1_mdm_1_0/ads8681_block_1_mdm_1_0/ads8681_block_1_mdm_1_0_in_context.xdc] for cell 'ads8681_block_1_i/mdm_1'
Finished Parsing XDC File [/home/grzegorz/git/ADS8681_Test/Software/FPGA/ARTY_A7/vivado/ADS8681/ADS8681.gen/sources_1/bd/ads8681_block_1/ip/ads8681_block_1_mdm_1_0/ads8681_block_1_mdm_1_0/ads8681_block_1_mdm_1_0_in_context.xdc] for cell 'ads8681_block_1_i/mdm_1'
Parsing XDC File [/home/grzegorz/git/ADS8681_Test/Software/FPGA/ARTY_A7/vivado/ADS8681/ADS8681.gen/sources_1/bd/ads8681_block_1/ip/ads8681_block_1_clk_wiz_1_0/ads8681_block_1_clk_wiz_1_0/ads8681_block_1_clk_wiz_1_0_in_context.xdc] for cell 'ads8681_block_1_i/clk_wiz_1'
Finished Parsing XDC File [/home/grzegorz/git/ADS8681_Test/Software/FPGA/ARTY_A7/vivado/ADS8681/ADS8681.gen/sources_1/bd/ads8681_block_1/ip/ads8681_block_1_clk_wiz_1_0/ads8681_block_1_clk_wiz_1_0/ads8681_block_1_clk_wiz_1_0_in_context.xdc] for cell 'ads8681_block_1_i/clk_wiz_1'
Parsing XDC File [/home/grzegorz/git/ADS8681_Test/Software/FPGA/ARTY_A7/vivado/ADS8681/ADS8681.gen/sources_1/bd/ads8681_block_1/ip/ads8681_block_1_rst_clk_wiz_1_100M_0/ads8681_block_1_rst_clk_wiz_1_100M_0/ads8681_block_1_rst_clk_wiz_1_100M_0_in_context.xdc] for cell 'ads8681_block_1_i/rst_clk_wiz_1_100M'
Finished Parsing XDC File [/home/grzegorz/git/ADS8681_Test/Software/FPGA/ARTY_A7/vivado/ADS8681/ADS8681.gen/sources_1/bd/ads8681_block_1/ip/ads8681_block_1_rst_clk_wiz_1_100M_0/ads8681_block_1_rst_clk_wiz_1_100M_0/ads8681_block_1_rst_clk_wiz_1_100M_0_in_context.xdc] for cell 'ads8681_block_1_i/rst_clk_wiz_1_100M'
Parsing XDC File [/home/grzegorz/git/ADS8681_Test/Software/FPGA/ARTY_A7/vivado/ADS8681/ADS8681.gen/sources_1/bd/ads8681_block_1/ip/ads8681_block_1_axi_uartlite_0_0/ads8681_block_1_axi_uartlite_0_0/ads8681_block_1_axi_uartlite_0_0_in_context.xdc] for cell 'ads8681_block_1_i/axi_uartlite_0'
Finished Parsing XDC File [/home/grzegorz/git/ADS8681_Test/Software/FPGA/ARTY_A7/vivado/ADS8681/ADS8681.gen/sources_1/bd/ads8681_block_1/ip/ads8681_block_1_axi_uartlite_0_0/ads8681_block_1_axi_uartlite_0_0/ads8681_block_1_axi_uartlite_0_0_in_context.xdc] for cell 'ads8681_block_1_i/axi_uartlite_0'
Parsing XDC File [/home/grzegorz/git/ADS8681_Test/Software/FPGA/ARTY_A7/vivado/ADS8681/ADS8681.gen/sources_1/bd/ads8681_block_1/ip/ads8681_block_1_axi_quad_spi_0_0/ads8681_block_1_axi_quad_spi_0_0/ads8681_block_1_axi_quad_spi_0_0_in_context.xdc] for cell 'ads8681_block_1_i/axi_quad_spi_0'
Finished Parsing XDC File [/home/grzegorz/git/ADS8681_Test/Software/FPGA/ARTY_A7/vivado/ADS8681/ADS8681.gen/sources_1/bd/ads8681_block_1/ip/ads8681_block_1_axi_quad_spi_0_0/ads8681_block_1_axi_quad_spi_0_0/ads8681_block_1_axi_quad_spi_0_0_in_context.xdc] for cell 'ads8681_block_1_i/axi_quad_spi_0'
Parsing XDC File [/home/grzegorz/git/ADS8681_Test/Software/FPGA/ARTY_A7/vivado/ADS8681/ADS8681.gen/sources_1/bd/ads8681_block_1/ip/ads8681_block_1_axi_gpio_0_0/ads8681_block_1_axi_gpio_0_0/ads8681_block_1_axi_gpio_0_0_in_context.xdc] for cell 'ads8681_block_1_i/axi_gpio_0'
Finished Parsing XDC File [/home/grzegorz/git/ADS8681_Test/Software/FPGA/ARTY_A7/vivado/ADS8681/ADS8681.gen/sources_1/bd/ads8681_block_1/ip/ads8681_block_1_axi_gpio_0_0/ads8681_block_1_axi_gpio_0_0/ads8681_block_1_axi_gpio_0_0_in_context.xdc] for cell 'ads8681_block_1_i/axi_gpio_0'
Parsing XDC File [/home/grzegorz/git/ADS8681_Test/Software/FPGA/ARTY_A7/vivado/ADS8681/ADS8681.srcs/constrs_1/new/ads8681_constr_1.xdc]
Finished Parsing XDC File [/home/grzegorz/git/ADS8681_Test/Software/FPGA/ARTY_A7/vivado/ADS8681/ADS8681.srcs/constrs_1/new/ads8681_constr_1.xdc]
INFO: [Project 1-236] Implementation specific constraints were found while reading constraint file [/home/grzegorz/git/ADS8681_Test/Software/FPGA/ARTY_A7/vivado/ADS8681/ADS8681.srcs/constrs_1/new/ads8681_constr_1.xdc]. These constraints will be ignored for synthesis but will be used in implementation. Impacted constraints are listed in the file [.Xil/ads8681_block_1_wrapper_propImpl.xdc].
Resolution: To avoid this warning, move constraints listed in [.Xil/ads8681_block_1_wrapper_propImpl.xdc] to another XDC file and exclude this new file from synthesis with the used_in_synthesis property (File Properties dialog in GUI) and re-run elaboration/synthesis.
Parsing XDC File [/home/grzegorz/git/ADS8681_Test/Software/FPGA/ARTY_A7/vivado/ADS8681/ADS8681.runs/synth_1/dont_touch.xdc]
Finished Parsing XDC File [/home/grzegorz/git/ADS8681_Test/Software/FPGA/ARTY_A7/vivado/ADS8681/ADS8681.runs/synth_1/dont_touch.xdc]
Completed Processing XDC Constraints

Netlist sorting complete. Time (s): cpu = 00:00:00 ; elapsed = 00:00:00 . Memory (MB): peak = 2417.750 ; gain = 0.000 ; free physical = 5662 ; free virtual = 42696
INFO: [Project 1-111] Unisim Transformation Summary:
No Unisim elements were transformed.

Constraint Validation Runtime : Time (s): cpu = 00:00:00 ; elapsed = 00:00:00.01 . Memory (MB): peak = 2417.750 ; gain = 0.000 ; free physical = 5662 ; free virtual = 42696
WARNING: [Timing 38-316] Clock period '20.000' specified during out-of-context synthesis of instance 'ads8681_block_1_i/axi_quad_spi_0' at clock pin 'ext_spi_clk' is different from the actual clock period '10.000', this can lead to different synthesis results.
WARNING: [Timing 38-316] Clock period '20.000' specified during out-of-context synthesis of instance 'ads8681_block_1_i/microblaze_0_local_memory/lmb_bram' at clock pin 'clka' is different from the actual clock period '10.000', this can lead to different synthesis results.
INFO: [Designutils 20-5440] No compile time benefit to using incremental synthesis; A full resynthesis will be run
INFO: [Designutils 20-4379] Flow is switching to default flow due to incremental criteria not met. If you would like to alter this behaviour and have the flow terminate instead, please set the following parameter config_implementation {autoIncr.Synth.RejectBehavior Terminate}
---------------------------------------------------------------------------------
Finished Constraint Validation : Time (s): cpu = 00:00:21 ; elapsed = 00:00:22 . Memory (MB): peak = 2417.750 ; gain = 586.254 ; free physical = 5685 ; free virtual = 42684
---------------------------------------------------------------------------------
---------------------------------------------------------------------------------
Start Loading Part and Timing Information
---------------------------------------------------------------------------------
Loading part: xc7a100tcsg324-1
---------------------------------------------------------------------------------
Finished Loading Part and Timing Information : Time (s): cpu = 00:00:21 ; elapsed = 00:00:22 . Memory (MB): peak = 2425.754 ; gain = 594.258 ; free physical = 5685 ; free virtual = 42684
---------------------------------------------------------------------------------
---------------------------------------------------------------------------------
Start Applying 'set_property' XDC Constraints
---------------------------------------------------------------------------------
Applied set_property IO_BUFFER_TYPE = NONE for clk_100MHz. (constraint file  /home/grzegorz/git/ADS8681_Test/Software/FPGA/ARTY_A7/vivado/ADS8681/ADS8681.gen/sources_1/bd/ads8681_block_1/ip/ads8681_block_1_clk_wiz_1_0/ads8681_block_1_clk_wiz_1_0/ads8681_block_1_clk_wiz_1_0_in_context.xdc, line 3).
Applied set_property CLOCK_BUFFER_TYPE = NONE for clk_100MHz. (constraint file  /home/grzegorz/git/ADS8681_Test/Software/FPGA/ARTY_A7/vivado/ADS8681/ADS8681.gen/sources_1/bd/ads8681_block_1/ip/ads8681_block_1_clk_wiz_1_0/ads8681_block_1_clk_wiz_1_0/ads8681_block_1_clk_wiz_1_0_in_context.xdc, line 4).
Applied set_property KEEP_HIERARCHY = SOFT for ads8681_block_1_i. (constraint file  auto generated constraint).
Applied set_property KEEP_HIERARCHY = SOFT for ads8681_block_1_i/microblaze_0. (constraint file  auto generated constraint).
Applied set_property KEEP_HIERARCHY = SOFT for ads8681_block_1_i/microblaze_0_local_memory/dlmb_v10. (constraint file  auto generated constraint).
Applied set_property KEEP_HIERARCHY = SOFT for ads8681_block_1_i/microblaze_0_local_memory/ilmb_v10. (constraint file  auto generated constraint).
Applied set_property KEEP_HIERARCHY = SOFT for ads8681_block_1_i/microblaze_0_local_memory/dlmb_bram_if_cntlr. (constraint file  auto generated constraint).
Applied set_property KEEP_HIERARCHY = SOFT for ads8681_block_1_i/microblaze_0_local_memory/ilmb_bram_if_cntlr. (constraint file  auto generated constraint).
Applied set_property KEEP_HIERARCHY = SOFT for ads8681_block_1_i/microblaze_0_local_memory/lmb_bram. (constraint file  auto generated constraint).
Applied set_property KEEP_HIERARCHY = SOFT for ads8681_block_1_i/microblaze_0_axi_periph/xbar. (constraint file  auto generated constraint).
Applied set_property KEEP_HIERARCHY = SOFT for ads8681_block_1_i/microblaze_0_axi_periph. (constraint file  auto generated constraint).
Applied set_property KEEP_HIERARCHY = SOFT for ads8681_block_1_i/microblaze_0_axi_intc. (constraint file  auto generated constraint).
Applied set_property KEEP_HIERARCHY = SOFT for ads8681_block_1_i/microblaze_0_xlconcat. (constraint file  auto generated constraint).
Applied set_property KEEP_HIERARCHY = SOFT for ads8681_block_1_i/mdm_1. (constraint file  auto generated constraint).
Applied set_property KEEP_HIERARCHY = SOFT for ads8681_block_1_i/clk_wiz_1. (constraint file  auto generated constraint).
Applied set_property KEEP_HIERARCHY = SOFT for ads8681_block_1_i/rst_clk_wiz_1_100M. (constraint file  auto generated constraint).
Applied set_property KEEP_HIERARCHY = SOFT for ads8681_block_1_i/axi_uartlite_0. (constraint file  auto generated constraint).
Applied set_property KEEP_HIERARCHY = SOFT for ads8681_block_1_i/axi_quad_spi_0. (constraint file  auto generated constraint).
Applied set_property KEEP_HIERARCHY = SOFT for ads8681_block_1_i/axi_gpio_0. (constraint file  auto generated constraint).
---------------------------------------------------------------------------------
Finished applying 'set_property' XDC Constraints : Time (s): cpu = 00:00:22 ; elapsed = 00:00:22 . Memory (MB): peak = 2425.754 ; gain = 594.258 ; free physical = 5685 ; free virtual = 42683
---------------------------------------------------------------------------------
---------------------------------------------------------------------------------
Finished RTL Optimization Phase 2 : Time (s): cpu = 00:00:22 ; elapsed = 00:00:22 . Memory (MB): peak = 2425.754 ; gain = 594.258 ; free physical = 5685 ; free virtual = 42685
---------------------------------------------------------------------------------
---------------------------------------------------------------------------------
Start RTL Component Statistics 
---------------------------------------------------------------------------------
Detailed RTL Component Info : 
---------------------------------------------------------------------------------
Finished RTL Component Statistics 
---------------------------------------------------------------------------------
---------------------------------------------------------------------------------
Start Part Resource Summary
---------------------------------------------------------------------------------
Part Resources:
DSPs: 240 (col length:80)
BRAMs: 270 (col length: RAMB18 80 RAMB36 40)
---------------------------------------------------------------------------------
Finished Part Resource Summary
---------------------------------------------------------------------------------
---------------------------------------------------------------------------------
Start Cross Boundary and Area Optimization
---------------------------------------------------------------------------------
WARNING: [Synth 8-7080] Parallel synthesis criteria is not met
---------------------------------------------------------------------------------
Finished Cross Boundary and Area Optimization : Time (s): cpu = 00:00:24 ; elapsed = 00:00:24 . Memory (MB): peak = 2425.754 ; gain = 594.258 ; free physical = 5685 ; free virtual = 42690
---------------------------------------------------------------------------------
---------------------------------------------------------------------------------
Start Applying XDC Timing Constraints
---------------------------------------------------------------------------------
---------------------------------------------------------------------------------
Finished Applying XDC Timing Constraints : Time (s): cpu = 00:00:33 ; elapsed = 00:00:33 . Memory (MB): peak = 2425.754 ; gain = 594.258 ; free physical = 5682 ; free virtual = 42698
---------------------------------------------------------------------------------
---------------------------------------------------------------------------------
Start Timing Optimization
---------------------------------------------------------------------------------
---------------------------------------------------------------------------------
Finished Timing Optimization : Time (s): cpu = 00:00:33 ; elapsed = 00:00:33 . Memory (MB): peak = 2425.754 ; gain = 594.258 ; free physical = 5682 ; free virtual = 42698
---------------------------------------------------------------------------------
---------------------------------------------------------------------------------
Start Technology Mapping
---------------------------------------------------------------------------------
---------------------------------------------------------------------------------
Finished Technology Mapping : Time (s): cpu = 00:00:33 ; elapsed = 00:00:33 . Memory (MB): peak = 2425.754 ; gain = 594.258 ; free physical = 5682 ; free virtual = 42698
---------------------------------------------------------------------------------
---------------------------------------------------------------------------------
Start IO Insertion
---------------------------------------------------------------------------------
---------------------------------------------------------------------------------
Start Flattening Before IO Insertion
---------------------------------------------------------------------------------
---------------------------------------------------------------------------------
Finished Flattening Before IO Insertion
---------------------------------------------------------------------------------
---------------------------------------------------------------------------------
Start Final Netlist Cleanup
---------------------------------------------------------------------------------
---------------------------------------------------------------------------------
Finished Final Netlist Cleanup
---------------------------------------------------------------------------------
---------------------------------------------------------------------------------
Finished IO Insertion : Time (s): cpu = 00:00:39 ; elapsed = 00:00:39 . Memory (MB): peak = 2425.754 ; gain = 594.258 ; free physical = 5686 ; free virtual = 42708
---------------------------------------------------------------------------------
---------------------------------------------------------------------------------
Start Renaming Generated Instances
---------------------------------------------------------------------------------
---------------------------------------------------------------------------------
Finished Renaming Generated Instances : Time (s): cpu = 00:00:39 ; elapsed = 00:00:39 . Memory (MB): peak = 2425.754 ; gain = 594.258 ; free physical = 5686 ; free virtual = 42708
---------------------------------------------------------------------------------
---------------------------------------------------------------------------------
Start Rebuilding User Hierarchy
---------------------------------------------------------------------------------
---------------------------------------------------------------------------------
Finished Rebuilding User Hierarchy : Time (s): cpu = 00:00:39 ; elapsed = 00:00:39 . Memory (MB): peak = 2425.754 ; gain = 594.258 ; free physical = 5686 ; free virtual = 42708
---------------------------------------------------------------------------------
---------------------------------------------------------------------------------
Start Renaming Generated Ports
---------------------------------------------------------------------------------
---------------------------------------------------------------------------------
Finished Renaming Generated Ports : Time (s): cpu = 00:00:39 ; elapsed = 00:00:39 . Memory (MB): peak = 2425.754 ; gain = 594.258 ; free physical = 5686 ; free virtual = 42708
---------------------------------------------------------------------------------
---------------------------------------------------------------------------------
Start Handling Custom Attributes
---------------------------------------------------------------------------------
---------------------------------------------------------------------------------
Finished Handling Custom Attributes : Time (s): cpu = 00:00:39 ; elapsed = 00:00:39 . Memory (MB): peak = 2425.754 ; gain = 594.258 ; free physical = 5686 ; free virtual = 42708
---------------------------------------------------------------------------------
---------------------------------------------------------------------------------
Start Renaming Generated Nets
---------------------------------------------------------------------------------
---------------------------------------------------------------------------------
Finished Renaming Generated Nets : Time (s): cpu = 00:00:39 ; elapsed = 00:00:39 . Memory (MB): peak = 2425.754 ; gain = 594.258 ; free physical = 5686 ; free virtual = 42708
---------------------------------------------------------------------------------
---------------------------------------------------------------------------------
Start Writing Synthesis Report
---------------------------------------------------------------------------------

Report BlackBoxes: 
+------+----------------------------------------+----------+
|      |BlackBox name                           |Instances |
+------+----------------------------------------+----------+
|1     |ads8681_block_1_xbar_0                  |         1|
|2     |ads8681_block_1_axi_gpio_0_0            |         1|
|3     |ads8681_block_1_axi_quad_spi_0_0        |         1|
|4     |ads8681_block_1_axi_uartlite_0_0        |         1|
|5     |ads8681_block_1_clk_wiz_1_0             |         1|
|6     |ads8681_block_1_mdm_1_0                 |         1|
|7     |ads8681_block_1_microblaze_0_0          |         1|
|8     |ads8681_block_1_microblaze_0_axi_intc_0 |         1|
|9     |ads8681_block_1_rst_clk_wiz_1_100M_0    |         1|
|10    |ads8681_block_1_dlmb_bram_if_cntlr_0    |         1|
|11    |ads8681_block_1_dlmb_v10_0              |         1|
|12    |ads8681_block_1_ilmb_bram_if_cntlr_0    |         1|
|13    |ads8681_block_1_ilmb_v10_0              |         1|
|14    |ads8681_block_1_lmb_bram_0              |         1|
+------+----------------------------------------+----------+

Report Cell Usage: 
+------+---------------------------------------------+------+
|      |Cell                                         |Count |
+------+---------------------------------------------+------+
|1     |ads8681_block_1_axi_gpio_0_0_bbox            |     1|
|2     |ads8681_block_1_axi_quad_spi_0_0_bbox        |     1|
|3     |ads8681_block_1_axi_uartlite_0_0_bbox        |     1|
|4     |ads8681_block_1_clk_wiz_1_0_bbox             |     1|
|5     |ads8681_block_1_dlmb_bram_if_cntlr_0_bbox    |     1|
|6     |ads8681_block_1_dlmb_v10_0_bbox              |     1|
|7     |ads8681_block_1_ilmb_bram_if_cntlr_0_bbox    |     1|
|8     |ads8681_block_1_ilmb_v10_0_bbox              |     1|
|9     |ads8681_block_1_lmb_bram_0_bbox              |     1|
|10    |ads8681_block_1_mdm_1_0_bbox                 |     1|
|11    |ads8681_block_1_microblaze_0_0_bbox          |     1|
|12    |ads8681_block_1_microblaze_0_axi_intc_0_bbox |     1|
|13    |ads8681_block_1_rst_clk_wiz_1_100M_0_bbox    |     1|
|14    |ads8681_block_1_xbar_0_bbox                  |     1|
|15    |IBUF                                         |     3|
|16    |OBUF                                         |     8|
+------+---------------------------------------------+------+
---------------------------------------------------------------------------------
Finished Writing Synthesis Report : Time (s): cpu = 00:00:39 ; elapsed = 00:00:39 . Memory (MB): peak = 2425.754 ; gain = 594.258 ; free physical = 5686 ; free virtual = 42708
---------------------------------------------------------------------------------
Synthesis finished with 0 errors, 0 critical warnings and 11 warnings.
Synthesis Optimization Runtime : Time (s): cpu = 00:00:36 ; elapsed = 00:00:36 . Memory (MB): peak = 2425.754 ; gain = 522.594 ; free physical = 5686 ; free virtual = 42708
Synthesis Optimization Complete : Time (s): cpu = 00:00:39 ; elapsed = 00:00:39 . Memory (MB): peak = 2425.762 ; gain = 594.258 ; free physical = 5686 ; free virtual = 42708
INFO: [Project 1-571] Translating synthesized netlist
Netlist sorting complete. Time (s): cpu = 00:00:00.01 ; elapsed = 00:00:00.01 . Memory (MB): peak = 2425.762 ; gain = 0.000 ; free physical = 6010 ; free virtual = 43031
INFO: [Project 1-570] Preparing netlist for logic optimization
INFO: [Opt 31-138] Pushed 0 inverter(s) to 0 load pin(s).
Netlist sorting complete. Time (s): cpu = 00:00:00 ; elapsed = 00:00:00 . Memory (MB): peak = 2425.762 ; gain = 0.000 ; free physical = 6007 ; free virtual = 43028
INFO: [Project 1-111] Unisim Transformation Summary:
No Unisim elements were transformed.

Synth Design complete | Checksum: d350d940
INFO: [Common 17-83] Releasing license: Synthesis
76 Infos, 103 Warnings, 0 Critical Warnings and 0 Errors encountered.
synth_design completed successfully
synth_design: Time (s): cpu = 00:00:50 ; elapsed = 00:00:47 . Memory (MB): peak = 2425.762 ; gain = 947.180 ; free physical = 6007 ; free virtual = 43028
INFO: [Common 17-2834] synth_design peak Physical Memory [PSS] (MB): overall = 2040.626; main = 1673.047; forked = 419.391
INFO: [Common 17-2834] synth_design peak Virtual Memory [VSS] (MB): overall = 3447.141; main = 2425.758; forked = 1021.383
Write ShapeDB Complete: Time (s): cpu = 00:00:00 ; elapsed = 00:00:00 . Memory (MB): peak = 2449.766 ; gain = 0.000 ; free physical = 6007 ; free virtual = 43028
INFO: [Common 17-1381] The checkpoint '/home/grzegorz/git/ADS8681_Test/Software/FPGA/ARTY_A7/vivado/ADS8681/ADS8681.runs/synth_1/ads8681_block_1_wrapper.dcp' has been generated.
INFO: [Vivado 12-24828] Executing command : report_utilization -file ads8681_block_1_wrapper_utilization_synth.rpt -pb ads8681_block_1_wrapper_utilization_synth.pb
INFO: [Common 17-206] Exiting Vivado at Sun Jan 19 15:30:37 2025...
